2024-12-19 13:01:26.946  INFO 27880 --- [main] i.g.T.TitoExitApi2Application            : Starting TitoExitApi2Application using Java 17.0.10 on Employee-110 with PID 27880 (C:\Users\MDMunazirAslam\Downloads\TitoExitApi2\TitoExitApi2\target\classes started by MDMunazirAslam in C:\Users\MDMunazirAslam\Downloads\TitoExitApi2\TitoExitApi2)
2024-12-19 13:01:26.948  INFO 27880 --- [main] i.g.T.TitoExitApi2Application            : No active profile set, falling back to 1 default profile: "default"
2024-12-19 13:01:27.313  INFO 27880 --- [main] .s.d.r.c.RepositoryConfigurationDelegate : Multiple Spring Data modules found, entering strict repository configuration mode
2024-12-19 13:01:27.314  INFO 27880 --- [main] .s.d.r.c.RepositoryConfigurationDelegate : Bootstrapping Spring Data JDBC repositories in DEFAULT mode.
2024-12-19 13:01:27.330  INFO 27880 --- [main] .RepositoryConfigurationExtensionSupport : Spring Data JDBC - Could not safely identify store assignment for repository candidate interface in.gw.TitoExitApi2.Repo; If you want this repository to be a JDBC repository, consider annotating your entities with one of these annotations: org.springframework.data.relational.core.mapping.Table.
2024-12-19 13:01:27.332  INFO 27880 --- [main] .RepositoryConfigurationExtensionSupport : Spring Data JDBC - Could not safely identify store assignment for repository candidate interface in.gw.TitoExitApi2.Repo2; If you want this repository to be a JDBC repository, consider annotating your entities with one of these annotations: org.springframework.data.relational.core.mapping.Table.
2024-12-19 13:01:27.332  INFO 27880 --- [main] .s.d.r.c.RepositoryConfigurationDelegate : Finished Spring Data repository scanning in 15 ms. Found 0 JDBC repository interfaces.
2024-12-19 13:01:27.337  INFO 27880 --- [main] .s.d.r.c.RepositoryConfigurationDelegate : Multiple Spring Data modules found, entering strict repository configuration mode
2024-12-19 13:01:27.338  INFO 27880 --- [main] .s.d.r.c.RepositoryConfigurationDelegate : Bootstrapping Spring Data JPA repositories in DEFAULT mode.
2024-12-19 13:01:27.357  INFO 27880 --- [main] .s.d.r.c.RepositoryConfigurationDelegate : Finished Spring Data repository scanning in 14 ms. Found 2 JPA repository interfaces.
2024-12-19 13:01:27.662  INFO 27880 --- [main] o.s.b.w.embedded.tomcat.TomcatWebServer  : Tomcat initialized with port(s): 8060 (http)
2024-12-19 13:01:27.669  INFO 27880 --- [main] o.apache.catalina.core.StandardService   : Starting service [Tomcat]
2024-12-19 13:01:27.670  INFO 27880 --- [main] org.apache.catalina.core.StandardEngine  : Starting Servlet engine: [Apache Tomcat/9.0.79]
2024-12-19 13:01:27.743  INFO 27880 --- [main] o.a.c.c.C.[Tomcat].[localhost].[/]       : Initializing Spring embedded WebApplicationContext
2024-12-19 13:01:27.744  INFO 27880 --- [main] w.s.c.ServletWebServerApplicationContext : Root WebApplicationContext: initialization completed in 760 ms
2024-12-19 13:01:27.906  INFO 27880 --- [main] o.hibernate.jpa.internal.util.LogHelper  : HHH000204: Processing PersistenceUnitInfo [name: default]
2024-12-19 13:01:27.936  INFO 27880 --- [main] org.hibernate.Version                    : HHH000412: Hibernate ORM core version 5.6.15.Final
2024-12-19 13:01:28.026  INFO 27880 --- [main] o.hibernate.annotations.common.Version   : HCANN000001: Hibernate Commons Annotations {5.1.2.Final}
2024-12-19 13:01:28.082  INFO 27880 --- [main] com.zaxxer.hikari.HikariDataSource       : HikariPool-1 - Starting...
2024-12-19 13:01:28.305  INFO 27880 --- [main] com.zaxxer.hikari.HikariDataSource       : HikariPool-1 - Start completed.
2024-12-19 13:01:28.328  INFO 27880 --- [main] org.hibernate.dialect.Dialect            : HHH000400: Using dialect: org.hibernate.dialect.SQLServer2016Dialect
2024-12-19 13:01:28.669  INFO 27880 --- [main] o.h.e.t.j.p.i.JtaPlatformInitiator       : HHH000490: Using JtaPlatform implementation: [org.hibernate.engine.transaction.jta.platform.internal.NoJtaPlatform]
2024-12-19 13:01:28.676  INFO 27880 --- [main] j.LocalContainerEntityManagerFactoryBean : Initialized JPA EntityManagerFactory for persistence unit 'default'
2024-12-19 13:01:28.880  WARN 27880 --- [main] JpaBaseConfiguration$JpaWebConfiguration : spring.jpa.open-in-view is enabled by default. Therefore, database queries may be performed during view rendering. Explicitly configure spring.jpa.open-in-view to disable this warning
2024-12-19 13:02:04.833  INFO 33872 --- [main] i.g.T.TitoExitApi2Application            : Starting TitoExitApi2Application using Java 17.0.10 on Employee-110 with PID 33872 (C:\Users\MDMunazirAslam\Downloads\TitoExitApi2\TitoExitApi2\target\classes started by MDMunazirAslam in C:\Users\MDMunazirAslam\Downloads\TitoExitApi2\TitoExitApi2)
2024-12-19 13:02:04.834  INFO 33872 --- [main] i.g.T.TitoExitApi2Application            : No active profile set, falling back to 1 default profile: "default"
2024-12-19 13:02:05.182  INFO 33872 --- [main] .s.d.r.c.RepositoryConfigurationDelegate : Multiple Spring Data modules found, entering strict repository configuration mode
2024-12-19 13:02:05.183  INFO 33872 --- [main] .s.d.r.c.RepositoryConfigurationDelegate : Bootstrapping Spring Data JDBC repositories in DEFAULT mode.
2024-12-19 13:02:05.198  INFO 33872 --- [main] .RepositoryConfigurationExtensionSupport : Spring Data JDBC - Could not safely identify store assignment for repository candidate interface in.gw.TitoExitApi2.Repo; If you want this repository to be a JDBC repository, consider annotating your entities with one of these annotations: org.springframework.data.relational.core.mapping.Table.
2024-12-19 13:02:05.200  INFO 33872 --- [main] .RepositoryConfigurationExtensionSupport : Spring Data JDBC - Could not safely identify store assignment for repository candidate interface in.gw.TitoExitApi2.Repo2; If you want this repository to be a JDBC repository, consider annotating your entities with one of these annotations: org.springframework.data.relational.core.mapping.Table.
2024-12-19 13:02:05.201  INFO 33872 --- [main] .s.d.r.c.RepositoryConfigurationDelegate : Finished Spring Data repository scanning in 15 ms. Found 0 JDBC repository interfaces.
2024-12-19 13:02:05.206  INFO 33872 --- [main] .s.d.r.c.RepositoryConfigurationDelegate : Multiple Spring Data modules found, entering strict repository configuration mode
2024-12-19 13:02:05.206  INFO 33872 --- [main] .s.d.r.c.RepositoryConfigurationDelegate : Bootstrapping Spring Data JPA repositories in DEFAULT mode.
2024-12-19 13:02:05.228  INFO 33872 --- [main] .s.d.r.c.RepositoryConfigurationDelegate : Finished Spring Data repository scanning in 15 ms. Found 2 JPA repository interfaces.
2024-12-19 13:02:05.535  INFO 33872 --- [main] o.s.b.w.embedded.tomcat.TomcatWebServer  : Tomcat initialized with port(s): 8060 (http)
2024-12-19 13:02:05.541  INFO 33872 --- [main] o.apache.catalina.core.StandardService   : Starting service [Tomcat]
2024-12-19 13:02:05.541  INFO 33872 --- [main] org.apache.catalina.core.StandardEngine  : Starting Servlet engine: [Apache Tomcat/9.0.79]
2024-12-19 13:02:05.608  INFO 33872 --- [main] o.a.c.c.C.[Tomcat].[localhost].[/]       : Initializing Spring embedded WebApplicationContext
2024-12-19 13:02:05.608  INFO 33872 --- [main] w.s.c.ServletWebServerApplicationContext : Root WebApplicationContext: initialization completed in 743 ms
2024-12-19 13:02:05.763  INFO 33872 --- [main] o.hibernate.jpa.internal.util.LogHelper  : HHH000204: Processing PersistenceUnitInfo [name: default]
2024-12-19 13:02:05.790  INFO 33872 --- [main] org.hibernate.Version                    : HHH000412: Hibernate ORM core version 5.6.15.Final
2024-12-19 13:02:05.875  INFO 33872 --- [main] o.hibernate.annotations.common.Version   : HCANN000001: Hibernate Commons Annotations {5.1.2.Final}
2024-12-19 13:02:05.930  INFO 33872 --- [main] com.zaxxer.hikari.HikariDataSource       : HikariPool-1 - Starting...
2024-12-19 13:02:06.150  INFO 33872 --- [main] com.zaxxer.hikari.HikariDataSource       : HikariPool-1 - Start completed.
2024-12-19 13:02:06.175  INFO 33872 --- [main] org.hibernate.dialect.Dialect            : HHH000400: Using dialect: org.hibernate.dialect.SQLServer2016Dialect
2024-12-19 13:02:06.498  INFO 33872 --- [main] o.h.e.t.j.p.i.JtaPlatformInitiator       : HHH000490: Using JtaPlatform implementation: [org.hibernate.engine.transaction.jta.platform.internal.NoJtaPlatform]
2024-12-19 13:02:06.505  INFO 33872 --- [main] j.LocalContainerEntityManagerFactoryBean : Initialized JPA EntityManagerFactory for persistence unit 'default'
2024-12-19 13:02:06.716  WARN 33872 --- [main] JpaBaseConfiguration$JpaWebConfiguration : spring.jpa.open-in-view is enabled by default. Therefore, database queries may be performed during view rendering. Explicitly configure spring.jpa.open-in-view to disable this warning
2024-12-19 13:02:06.923  WARN 33872 --- [main] o.s.data.convert.CustomConversions       : Registering converter from class microsoft.sql.DateTimeOffset to class java.time.OffsetDateTime as reading converter although it doesn't convert from a store-supported type; You might want to check your annotation setup at the converter implementation
2024-12-19 13:02:06.973  INFO 33872 --- [main] o.s.b.w.embedded.tomcat.TomcatWebServer  : Tomcat started on port(s): 8060 (http) with context path ''
2024-12-19 13:02:06.981  INFO 33872 --- [main] i.g.T.TitoExitApi2Application            : Started TitoExitApi2Application in 2.403 seconds (JVM running for 2.896)
2024-12-19 13:02:07.336  INFO 33872 --- [scheduling-1] in.gw.TitoExitApi2.TitoExistController   : Preparing to send data to API for Vehicle No: UP32PN1279, Entry Time: 15:14:33.153
2024-12-19 13:02:07.592 ERROR 33872 --- [scheduling-1] in.gw.TitoExitApi2.TitoExistController   : HTTP error for GateSlip 3100135551: 401 Unauthorized: [no body]
2024-12-19 13:03:07.164  INFO 33872 --- [scheduling-1] in.gw.TitoExitApi2.TitoExistController   : Preparing to send data to API for Vehicle No: UP32PN1279, Entry Time: 15:14:33.153
2024-12-19 13:03:07.402 ERROR 33872 --- [scheduling-1] in.gw.TitoExitApi2.TitoExistController   : HTTP error for GateSlip 3100135551: 401 Unauthorized: [no body]
2024-12-19 13:03:53.212  INFO 33872 --- [RMI TCP Connection(10)-127.0.0.1] inMXBeanRegistrar$SpringApplicationAdmin : Application shutdown requested.
2024-12-19 13:03:53.224  INFO 33872 --- [RMI TCP Connection(10)-127.0.0.1] o.apache.catalina.core.StandardService   : Stopping service [Tomcat]
2024-12-19 13:03:53.230  INFO 33872 --- [RMI TCP Connection(10)-127.0.0.1] j.LocalContainerEntityManagerFactoryBean : Closing JPA EntityManagerFactory for persistence unit 'default'
2024-12-19 13:03:53.232  INFO 33872 --- [RMI TCP Connection(10)-127.0.0.1] com.zaxxer.hikari.HikariDataSource       : HikariPool-1 - Shutdown initiated...
2024-12-19 13:03:53.236  INFO 33872 --- [RMI TCP Connection(10)-127.0.0.1] com.zaxxer.hikari.HikariDataSource       : HikariPool-1 - Shutdown completed.
2024-12-19 13:49:35.910  INFO 20068 --- [main] i.g.T.TitoExitApi2Application            : Starting TitoExitApi2Application using Java 17.0.10 on Employee-110 with PID 20068 (C:\Users\MDMunazirAslam\Downloads\TitoExitApi2\TitoExitApi2\target\classes started by MDMunazirAslam in C:\Users\MDMunazirAslam\Downloads\TitoExitApi2\TitoExitApi2)
2024-12-19 13:49:35.913  INFO 20068 --- [main] i.g.T.TitoExitApi2Application            : No active profile set, falling back to 1 default profile: "default"
2024-12-19 13:49:36.285  INFO 20068 --- [main] .s.d.r.c.RepositoryConfigurationDelegate : Multiple Spring Data modules found, entering strict repository configuration mode
2024-12-19 13:49:36.286  INFO 20068 --- [main] .s.d.r.c.RepositoryConfigurationDelegate : Bootstrapping Spring Data JDBC repositories in DEFAULT mode.
2024-12-19 13:49:36.304  INFO 20068 --- [main] .RepositoryConfigurationExtensionSupport : Spring Data JDBC - Could not safely identify store assignment for repository candidate interface in.gw.TitoExitApi2.Repo; If you want this repository to be a JDBC repository, consider annotating your entities with one of these annotations: org.springframework.data.relational.core.mapping.Table.
2024-12-19 13:49:36.305  INFO 20068 --- [main] .RepositoryConfigurationExtensionSupport : Spring Data JDBC - Could not safely identify store assignment for repository candidate interface in.gw.TitoExitApi2.Repo2; If you want this repository to be a JDBC repository, consider annotating your entities with one of these annotations: org.springframework.data.relational.core.mapping.Table.
2024-12-19 13:49:36.306  INFO 20068 --- [main] .s.d.r.c.RepositoryConfigurationDelegate : Finished Spring Data repository scanning in 16 ms. Found 0 JDBC repository interfaces.
2024-12-19 13:49:36.313  INFO 20068 --- [main] .s.d.r.c.RepositoryConfigurationDelegate : Multiple Spring Data modules found, entering strict repository configuration mode
2024-12-19 13:49:36.313  INFO 20068 --- [main] .s.d.r.c.RepositoryConfigurationDelegate : Bootstrapping Spring Data JPA repositories in DEFAULT mode.
2024-12-19 13:49:36.333  INFO 20068 --- [main] .s.d.r.c.RepositoryConfigurationDelegate : Finished Spring Data repository scanning in 15 ms. Found 2 JPA repository interfaces.
2024-12-19 13:49:36.708  INFO 20068 --- [main] o.s.b.w.embedded.tomcat.TomcatWebServer  : Tomcat initialized with port(s): 8060 (http)
2024-12-19 13:49:36.719  INFO 20068 --- [main] o.apache.catalina.core.StandardService   : Starting service [Tomcat]
2024-12-19 13:49:36.720  INFO 20068 --- [main] org.apache.catalina.core.StandardEngine  : Starting Servlet engine: [Apache Tomcat/9.0.79]
2024-12-19 13:49:36.805  INFO 20068 --- [main] o.a.c.c.C.[Tomcat].[localhost].[/]       : Initializing Spring embedded WebApplicationContext
2024-12-19 13:49:36.805  INFO 20068 --- [main] w.s.c.ServletWebServerApplicationContext : Root WebApplicationContext: initialization completed in 858 ms
2024-12-19 13:49:36.998  INFO 20068 --- [main] o.hibernate.jpa.internal.util.LogHelper  : HHH000204: Processing PersistenceUnitInfo [name: default]
2024-12-19 13:49:37.027  INFO 20068 --- [main] org.hibernate.Version                    : HHH000412: Hibernate ORM core version 5.6.15.Final
2024-12-19 13:49:37.109  INFO 20068 --- [main] o.hibernate.annotations.common.Version   : HCANN000001: Hibernate Commons Annotations {5.1.2.Final}
2024-12-19 13:49:37.158  INFO 20068 --- [main] com.zaxxer.hikari.HikariDataSource       : HikariPool-1 - Starting...
2024-12-19 13:49:37.375  INFO 20068 --- [main] com.zaxxer.hikari.HikariDataSource       : HikariPool-1 - Start completed.
2024-12-19 13:49:37.391  INFO 20068 --- [main] org.hibernate.dialect.Dialect            : HHH000400: Using dialect: org.hibernate.dialect.SQLServer2016Dialect
2024-12-19 13:49:37.722  INFO 20068 --- [main] o.h.e.t.j.p.i.JtaPlatformInitiator       : HHH000490: Using JtaPlatform implementation: [org.hibernate.engine.transaction.jta.platform.internal.NoJtaPlatform]
2024-12-19 13:49:37.730  INFO 20068 --- [main] j.LocalContainerEntityManagerFactoryBean : Initialized JPA EntityManagerFactory for persistence unit 'default'
2024-12-19 13:49:37.980  WARN 20068 --- [main] JpaBaseConfiguration$JpaWebConfiguration : spring.jpa.open-in-view is enabled by default. Therefore, database queries may be performed during view rendering. Explicitly configure spring.jpa.open-in-view to disable this warning
2024-12-19 13:49:38.183  WARN 20068 --- [main] o.s.data.convert.CustomConversions       : Registering converter from class microsoft.sql.DateTimeOffset to class java.time.OffsetDateTime as reading converter although it doesn't convert from a store-supported type; You might want to check your annotation setup at the converter implementation
2024-12-19 13:49:38.236  INFO 20068 --- [main] o.s.b.w.embedded.tomcat.TomcatWebServer  : Tomcat started on port(s): 8060 (http) with context path ''
2024-12-19 13:49:38.244  INFO 20068 --- [main] i.g.T.TitoExitApi2Application            : Started TitoExitApi2Application in 2.611 seconds (JVM running for 3.162)
2024-12-19 13:49:38.734  INFO 20068 --- [scheduling-1] in.gw.TitoExitApi2.TitoExistController   : Preparing to send data to API for Vehicle No: UP32PN1279, Date: 2023-02-24, Time: 15:14:33.153
2024-12-19 13:49:39.049 ERROR 20068 --- [scheduling-1] in.gw.TitoExitApi2.TitoExistController   : HTTP error for GateSlip 3100135551: 401 Unauthorized: [no body]
2024-12-19 13:50:09.998  INFO 20068 --- [RMI TCP Connection(10)-127.0.0.1] inMXBeanRegistrar$SpringApplicationAdmin : Application shutdown requested.
2024-12-19 13:50:10.007  INFO 20068 --- [RMI TCP Connection(10)-127.0.0.1] o.apache.catalina.core.StandardService   : Stopping service [Tomcat]
2024-12-19 13:50:10.013  INFO 20068 --- [RMI TCP Connection(10)-127.0.0.1] j.LocalContainerEntityManagerFactoryBean : Closing JPA EntityManagerFactory for persistence unit 'default'
2024-12-19 13:50:10.015  INFO 20068 --- [RMI TCP Connection(10)-127.0.0.1] com.zaxxer.hikari.HikariDataSource       : HikariPool-1 - Shutdown initiated...
2024-12-19 13:50:10.019  INFO 20068 --- [RMI TCP Connection(10)-127.0.0.1] com.zaxxer.hikari.HikariDataSource       : HikariPool-1 - Shutdown completed.
